"../../../../../Repos/Unreal/BattleTanks/Content/BattleGround.uasset" 0
"../../../../../Repos/Unreal/BattleTanks/Content/_Levels/BattleGround_BuiltData.uasset" 1
"../../../../../Repos/Unreal/BattleTanks/Content/BattleGround_BuiltData.uasset" 2
"../../../../../Repos/Unreal/BattleTanks/Content/StarterContent/Textures/T_Ground_Grass_D.uasset" 3
"../../../../../Repos/Unreal/BattleTanks/Content/StarterContent/Textures/T_Ground_Gravel_D.uasset" 4
"../../../../../Repos/Unreal/BattleTanks/Content/BattleGround_sharedassets/Landscape.uasset" 5
"../../../../../Repos/Unreal/BattleTanks/Content/Landscape.uasset" 6
"../../../../../Repos/Unreal/BattleTanks/Content/UI/inktank.uasset" 7
"../../../../../Repos/Unreal/BattleTanks/Content/UI/inktank_Font.uasset" 8
"../../../../../Repos/Unreal/BattleTanks/Content/UI/Firing_M1A1_tank_in_Djibouti.uasset" 9
"../../../../../Repos/Unreal/BattleTanks/Content/UI/MainMenu_BP.uasset" 10
"../../../../../Repos/Unreal/BattleTanks/Content/MenuScreen.uasset" 11
"../../../../../Repos/Unreal/BattleTanks/Content/StarterContent/Materials/M_Basic_Wall.uasset" 12
"../../../../../Repos/Unreal/BattleTanks/Content/StarterContent/Architecture/Pillar_50x500.uasset" 13
"../../../../../Repos/Unreal/BattleTanks/Content/StarterContent/Architecture/Wall_400x300.uasset" 14
"../../../../../Repos/Unreal/BattleTanks/Content/StarterContent/Architecture/Wall_400x400.uasset" 15
"../../../../../Repos/Unreal/BattleTanks/Content/StarterContent/Architecture/Wall_500x500.uasset" 16
"../../../../../Repos/Unreal/BattleTanks/Content/StarterContent/Architecture/Wall_Door_400x400.uasset" 17
"../../../../../Repos/Unreal/BattleTanks/Content/StarterContent/Architecture/Wall_Window_400x400.uasset" 18
"../../../../../Repos/Unreal/BattleTanks/Content/StarterContent/Audio/Collapse01.uasset" 19
"../../../../../Repos/Unreal/BattleTanks/Content/StarterContent/Audio/Collapse02.uasset" 20
"../../../../../Repos/Unreal/BattleTanks/Content/StarterContent/Audio/Explosion01.uasset" 21
"../../../../../Repos/Unreal/BattleTanks/Content/StarterContent/Audio/Explosion02.uasset" 22
"../../../../../Repos/Unreal/BattleTanks/Content/StarterContent/Audio/Fire01.uasset" 23
"../../../../../Repos/Unreal/BattleTanks/Content/StarterContent/Audio/Fire_Sparks01.uasset" 24
"../../../../../Repos/Unreal/BattleTanks/Content/StarterContent/Audio/Light01.uasset" 25
"../../../../../Repos/Unreal/BattleTanks/Content/StarterContent/Audio/Light01_Cue.uasset" 26
"../../../../../Repos/Unreal/BattleTanks/Content/StarterContent/Audio/Light02.uasset" 27
"../../../../../Repos/Unreal/BattleTanks/Content/StarterContent/Audio/Light02_Cue.uasset" 28
"../../../../../Repos/Unreal/BattleTanks/Content/StarterContent/Audio/Smoke01.uasset" 29
"../../../../../Repos/Unreal/BattleTanks/Content/StarterContent/Audio/Starter_Birds01.uasset" 30
"../../../../../Repos/Unreal/BattleTanks/Content/StarterContent/Audio/Starter_Music01.uasset" 31
"../../../../../Repos/Unreal/BattleTanks/Content/StarterContent/Audio/Starter_Wind05.uasset" 32
"../../../../../Repos/Unreal/BattleTanks/Content/StarterContent/Audio/Starter_Wind06.uasset" 33
"../../../../../Repos/Unreal/BattleTanks/Content/StarterContent/Audio/Steam01.uasset" 34
"../../../../../Repos/Unreal/BattleTanks/Content/StarterContent/Audio/Explosion_Cue.uasset" 35
"../../../../../Repos/Unreal/BattleTanks/Content/StarterContent/Textures/T_Burst_M.uasset" 36
"../../../../../Repos/Unreal/BattleTanks/Content/StarterContent/Particles/Materials/M_Burst.uasset" 37
"../../../../../Repos/Unreal/BattleTanks/Content/StarterContent/Textures/T_Explosion_SubUV.uasset" 38
"../../../../../Repos/Unreal/BattleTanks/Content/StarterContent/Particles/Materials/M_explosion_subUV.uasset" 39
"../../../../../Repos/Unreal/BattleTanks/Content/StarterContent/Particles/Materials/m_flare_01.uasset" 40
"../../../Engine/Content/Functions/Engine_MaterialFunctions01/Gradient/RadialGradient.uasset" 41
"../../../../../Repos/Unreal/BattleTanks/Content/StarterContent/Particles/Materials/M_radial_ramp.uasset" 42
"../../../../../Repos/Unreal/BattleTanks/Content/StarterContent/Textures/T_Smoke_SubUV.uasset" 43
"../../../../../Repos/Unreal/BattleTanks/Content/StarterContent/Textures/T_Smoke_Tiled_D.uasset" 44
"../../../../../Repos/Unreal/BattleTanks/Content/StarterContent/Particles/Materials/M_smoke_subUV.uasset" 45
"../../../../../Repos/Unreal/BattleTanks/Content/StarterContent/Particles/P_Explosion.uasset" 46
"../../../../../Repos/Unreal/BattleTanks/Content/StarterContent/Blueprints/Blueprint_Effect_Explosion.uasset" 47
"../../../Engine/Content/EditorMeshes/ColorCalibrator/T_ColorGrid.uasset" 48
"../../../../../Repos/Unreal/BattleTanks/Content/StarterContent/Materials/M_ColorGrid_LowSpec.uasset" 49
"../../../../../Repos/Unreal/BattleTanks/Content/StarterContent/Textures/T_Bush_D.uasset" 50
"../../../../../Repos/Unreal/BattleTanks/Content/StarterContent/Textures/T_Bush_N.uasset" 51
"../../../../../Repos/Unreal/BattleTanks/Content/StarterContent/Props/Materials/M_Bush.uasset" 52
"../../../../../Repos/Unreal/BattleTanks/Content/StarterContent/Props/SM_Bush.uasset" 53
"../../../../../Repos/Unreal/BattleTanks/Content/StarterContent/Textures/T_Chair_M.uasset" 54
"../../../../../Repos/Unreal/BattleTanks/Content/StarterContent/Textures/T_Chair_N.uasset" 55
"../../../../../Repos/Unreal/BattleTanks/Content/StarterContent/Props/Materials/M_Chair.uasset" 56
"../../../../../Repos/Unreal/BattleTanks/Content/StarterContent/Props/SM_Couch.uasset" 57
"../../../../../Repos/Unreal/BattleTanks/Content/StarterContent/Materials/M_Glass.uasset" 58
"../../../../../Repos/Unreal/BattleTanks/Content/StarterContent/Textures/T_Door_M.uasset" 59
"../../../../../Repos/Unreal/BattleTanks/Content/StarterContent/Textures/T_Door_N.uasset" 60
"../../../../../Repos/Unreal/BattleTanks/Content/StarterContent/Props/Materials/M_Door.uasset" 61
"../../../../../Repos/Unreal/BattleTanks/Content/StarterContent/Props/SM_Door.uasset" 62
"../../../../../Repos/Unreal/BattleTanks/Content/StarterContent/Props/Materials/M_MaterialSphere.uasset" 63
"../../../../../Repos/Unreal/BattleTanks/Content/StarterContent/Props/Materials/M_MaterialSphere_Plain.uasset" 64
"../../../../../Repos/Unreal/BattleTanks/Content/StarterContent/Props/SM_MatPreviewMesh_02.uasset" 65
"../../../Engine/Content/Functions/Engine_MaterialFunctions02/Utility/BlendAngleCorrectedNormals.uasset" 66
"../../../../../Repos/Unreal/BattleTanks/Content/StarterContent/Textures/T_Detail_Rocky_N.uasset" 67
"../../../../../Repos/Unreal/BattleTanks/Content/StarterContent/Textures/T_Rock_Basalt_D.uasset" 68
"../../../../../Repos/Unreal/BattleTanks/Content/StarterContent/Textures/T_RockMesh_M.uasset" 69
"../../../../../Repos/Unreal/BattleTanks/Content/StarterContent/Textures/T_RockMesh_N.uasset" 70
"../../../../../Repos/Unreal/BattleTanks/Content/StarterContent/Props/Materials/M_Rock.uasset" 71
"../../../../../Repos/Unreal/BattleTanks/Content/StarterContent/Props/SM_Rock.uasset" 72
"../../../../../Repos/Unreal/BattleTanks/Content/StarterContent/Textures/T_Shelf_M.uasset" 73
"../../../../../Repos/Unreal/BattleTanks/Content/StarterContent/Textures/T_Shelf_N.uasset" 74
"../../../../../Repos/Unreal/BattleTanks/Content/StarterContent/Props/Materials/M_Shelf.uasset" 75
"../../../../../Repos/Unreal/BattleTanks/Content/StarterContent/Props/SM_Shelf.uasset" 76
"../../../../../Repos/Unreal/BattleTanks/Content/StarterContent/Materials/M_Basic_Floor.uasset" 77
"../../../../../Repos/Unreal/BattleTanks/Content/StarterContent/Props/SM_Stairs.uasset" 78
"../../../../../Repos/Unreal/BattleTanks/Content/StarterContent/Shapes/Shape_Cone.uasset" 79
"../../../../../Repos/Unreal/BattleTanks/Content/StarterContent/Shapes/Shape_Cylinder.uasset" 80
"../../../../../Repos/Unreal/BattleTanks/Content/StarterContent/Shapes/Shape_NarrowCapsule.uasset" 81
"../../../../../Repos/Unreal/BattleTanks/Content/StarterContent/Shapes/Shape_Pipe.uasset" 82
"../../../../../Repos/Unreal/BattleTanks/Content/StarterContent/Shapes/Shape_Pipe_180.uasset" 83
"../../../../../Repos/Unreal/BattleTanks/Content/StarterContent/Shapes/Shape_Pipe_90.uasset" 84
"../../../../../Repos/Unreal/BattleTanks/Content/StarterContent/Shapes/Shape_Plane.uasset" 85
"../../../../../Repos/Unreal/BattleTanks/Content/StarterContent/Shapes/Shape_Torus.uasset" 86
"../../../../../Repos/Unreal/BattleTanks/Content/StarterContent/Shapes/Shape_Trim.uasset" 87
"../../../../../Repos/Unreal/BattleTanks/Content/StarterContent/Shapes/Shape_Trim_90_In.uasset" 88
"../../../../../Repos/Unreal/BattleTanks/Content/StarterContent/Shapes/Shape_Trim_90_Out.uasset" 89
"../../../../../Repos/Unreal/BattleTanks/Content/StarterContent/Shapes/Shape_TriPyramid.uasset" 90
"../../../../../Repos/Unreal/BattleTanks/Content/StarterContent/Shapes/Shape_Tube.uasset" 91
"../../../../../Repos/Unreal/BattleTanks/Content/StarterContent/Shapes/Shape_Wedge_A.uasset" 92
"../../../../../Repos/Unreal/BattleTanks/Content/StarterContent/Shapes/Shape_Wedge_B.uasset" 93
"../../../../../Repos/Unreal/BattleTanks/Content/StarterContent/Shapes/Shape_WideCapsule.uasset" 94
"../../../Engine/Content/Animation/DefaultAnimCurveCompressionSettings.uasset" 95
"../../../Engine/Content/Functions/Engine_MaterialFunctions01/Opacity/CameraDepthFade.uasset" 96
"../../../Engine/Content/EngineMaterials/T_Default_Material_Grid_M.uasset" 97
"../../../Engine/Content/EngineMaterials/T_Default_Material_Grid_N.uasset" 98
"../../../Engine/Content/EngineMaterials/WorldGridMaterial.uasset" 99
"../../../Engine/Content/ArtTools/RenderToTexture/Meshes/S_1_Unit_Plane.uasset" 100
"../../../Engine/Content/EngineMaterials/DefaultMaterial.uasset" 101
"../../../Engine/Content/BasicShapes/Cone.uasset" 102
"../../../Engine/Content/BasicShapes/Cube.uasset" 103
"../../../Engine/Content/BasicShapes/Cylinder.uasset" 104
"../../../Engine/Content/BasicShapes/Plane.uasset" 105
"../../../Engine/Content/BasicShapes/Sphere.uasset" 106
"../../../Engine/Content/EditorLandscapeResources/DataLayer.uasset" 107
"../../../Engine/Content/EditorMaterials/MAT_Groups_Toggle.uasset" 108
"../../../Engine/Content/EditorMaterials/MAT_Groups_Visibility.uasset" 109
"../../../Engine/Content/EditorMaterials/PreviewShadowIndicator.uasset" 110
"../../../Engine/Content/EditorMaterials/PreviewShadowIndicatorMaterial.uasset" 111
"../../../Engine/Content/EditorMaterials/MatineeGroups/MAT_ColorTrack.uasset" 112
"../../../Engine/Content/EditorMaterials/MatineeGroups/MAT_Groups_Anim.uasset" 113
"../../../Engine/Content/EditorMaterials/MatineeGroups/MAT_Groups_AudioMaster.uasset" 114
"../../../Engine/Content/EditorMaterials/MatineeGroups/MAT_Groups_Director.uasset" 115
"../../../Engine/Content/EditorMaterials/MatineeGroups/MAT_Groups_Event.uasset" 116
"../../../Engine/Content/EditorMaterials/MatineeGroups/MAT_Groups_Fade.uasset" 117
"../../../Engine/Content/EditorMaterials/MatineeGroups/MAT_Groups_Float.uasset" 118
"../../../Engine/Content/EditorMaterials/MatineeGroups/MAT_Groups_Move.uasset" 119
"../../../Engine/Content/EditorMaterials/MatineeGroups/MAT_Groups_Slomo.uasset" 120
"../../../Engine/Content/EditorMaterials/MatineeGroups/MAT_Groups_Sound.uasset" 121
"../../../Engine/Content/EditorMaterials/MatineeGroups/MAT_Groups_Vector.uasset" 122
"../../../Engine/Content/EditorMaterials/ParticleSystems/PSysThumbnail_NoImage.uasset" 123
"../../../Engine/Content/EditorMaterials/ParticleSystems/PSysThumbnail_OOD.uasset" 124
"../../../Engine/Content/EditorMaterials/Camera/CineMat.uasset" 125
"../../../Engine/Content/EditorMaterials/Camera/MI_CineMat_Rig.uasset" 126
"../../../Engine/Content/EditorMeshes/Camera/SM_CraneRig_Arm.uasset" 127
"../../../Engine/Content/EditorMeshes/Camera/SM_CraneRig_Base.uasset" 128
"../../../Engine/Content/EditorMeshes/Camera/SM_CraneRig_Body.uasset" 129
"../../../Engine/Content/EditorMeshes/Camera/SM_CraneRig_Mount.uasset" 130
"../../../Engine/Content/EditorMeshes/Camera/SM_RailRig_Mount.uasset" 131
"../../../Engine/Content/EditorMeshes/Camera/SM_RailRig_Track.uasset" 132
"../../../Engine/Content/EditorResources/BSPVertex.uasset" 133
"../../../Engine/Content/EditorResources/EmptyActor.uasset" 134
"../../../Engine/Content/EditorResources/S_Actor.uasset" 135
"../../../Engine/Content/EditorResources/S_Note.uasset" 136
"../../../Engine/Content/EditorResources/S_Solver.uasset" 137
"../../../Engine/Content/EditorResources/S_Trigger.uasset" 138
"../../../Engine/Content/EditorResources/AudioIcons/S_AudioComponent.uasset" 139
"../../../Engine/Content/EditorResources/AudioIcons/S_AudioComponent_AutoActivate.uasset" 140
"../../../Engine/Content/EditorResources/LightIcons/S_LightError.uasset" 141
"../../../Engine/Content/EditorResources/SequenceRecorder/Countdown.uasset" 142
"../../../Engine/Content/EditorResources/SequenceRecorder/RecordingIndicator.uasset" 143
"../../../Engine/Content/EditorSounds/Notifications/CompileFailed.uasset" 144
"../../../Engine/Content/EditorSounds/Notifications/CompileFailed_Cue.uasset" 145
"../../../Engine/Content/EditorSounds/Notifications/CompileSuccess.uasset" 146
"../../../Engine/Content/EditorSounds/Notifications/CompileStart_Cue.uasset" 147
"../../../Engine/Content/EditorSounds/Notifications/CompileSuccess_Cue.uasset" 148
"../../../Engine/Content/EngineDamageTypes/DmgTypeBP_Environmental.uasset" 149
"../../../Engine/Content/EngineDebugMaterials/DebugEditorMaterial.uasset" 150
"../../../Engine/Content/EngineDebugMaterials/DebugMeshMaterial.uasset" 151
"../../../Engine/Content/EngineDebugMaterials/M_SimpleTranslucent.uasset" 152
"../../../Engine/Content/Functions/Engine_MaterialFunctions02/Utility/CameraDirectionVector.uasset" 153
"../../../Engine/Content/EngineDebugMaterials/VolumeToRender.uasset" 154
"../../../Engine/Content/EngineDebugMaterials/M_VolumeRenderSphereTracePP.uasset" 155
"../../../Engine/Content/EngineDebugMaterials/WireframeMaterial.uasset" 156
"../../../Engine/Content/EngineFonts/Faces/DroidSansFallback.uasset" 157
"../../../Engine/Content/EngineFonts/Faces/RobotoBold.uasset" 158
"../../../Engine/Content/EngineFonts/Faces/RobotoBoldItalic.uasset" 159
"../../../Engine/Content/EngineFonts/Faces/RobotoItalic.uasset" 160
"../../../Engine/Content/EngineFonts/Faces/RobotoLight.uasset" 161
"../../../Engine/Content/EngineFonts/Faces/RobotoRegular.uasset" 162
"../../../Engine/Content/EngineFonts/Roboto.uasset" 163
"../../../Engine/Content/EngineMaterials/BaseFlattenDiffuseMap.uasset" 164
"../../../Engine/Content/EngineMaterials/BaseFlattenEmissiveMap.uasset" 165
"../../../Engine/Content/EngineMaterials/BaseFlattenGrayscaleMap.uasset" 166
"../../../Engine/Content/EngineMaterials/BaseFlattenNormalMap.uasset" 167
"../../../Engine/Content/EngineMaterials/BaseFlattenMaterial.uasset" 168
"../../../Engine/Content/EngineMaterials/BlueNoise.uasset" 169
"../../../Engine/Content/EngineMaterials/DefaultBloomKernel.uasset" 170
"../../../Engine/Content/EngineMaterials/DefaultBokeh.uasset" 171
"../../../Engine/Content/EngineMaterials/DefaultDiffuse.uasset" 172
"../../../Engine/Content/EngineMaterials/DefaultDeferredDecalMaterial.uasset" 173
"../../../Engine/Content/EngineMaterials/DefaultLightFunctionMaterial.uasset" 174
"../../../Engine/Content/Functions/Engine_MaterialFunctions02/Utility/BreakOutFloat2Components.uasset" 175
"../../../Engine/Content/EngineMaterials/DefaultPostProcessMaterial.uasset" 176
"../../../Engine/Content/EngineFonts/RobotoDistanceField.uasset" 177
"../../../Engine/Content/EngineMaterials/DefaultTextMaterialOpaque.uasset" 178
"../../../Engine/Content/EngineMaterials/DefaultVirtualTextureMaterial.uasset" 179
"../../../Engine/Content/EngineMaterials/DefaultWhiteGrid.uasset" 180
"../../../Engine/Content/EngineMaterials/DefaultWhiteGrid_Low.uasset" 181
"../../../Engine/Content/EngineMaterials/EmissiveMeshMaterial.uasset" 182
"../../../Engine/Content/EngineMaterials/GizmoMaterial.uasset" 183
"../../../Engine/Content/EngineMaterials/Good64x64TilingNoiseHighFreq.uasset" 184
"../../../Engine/Content/EngineMaterials/HairDefaultMaterial.uasset" 185
"../../../Engine/Content/EngineMaterials/MiniFont.uasset" 186
"../../../Engine/Content/EngineMaterials/InvalidLightmapSettings.uasset" 187
"../../../Engine/Content/EngineMaterials/M_InvalidLightmapSettings.uasset" 188
"../../../Engine/Content/Functions/Engine_MaterialFunctions02/WorldPositionOffset/CameraOffset.uasset" 189
"../../../Engine/Content/EngineMaterials/PhAT_JointLimitMaterial.uasset" 190
"../../../Engine/Content/EngineMaterials/PreintegratedSkinBRDF.uasset" 191
"../../../Engine/Content/EngineMaterials/RemoveSurfaceMaterial.uasset" 192
"../../../Engine/Content/EngineMaterials/WeightMapPlaceholderTexture.uasset" 193
"../../../Engine/Content/EngineResources/WhiteSquareTexture.uasset" 194
"../../../Engine/Content/EngineMaterials/Widget3DPassThrough.uasset" 195
"../../../Engine/Content/EngineMaterials/Widget3DPassThrough_Masked.uasset" 196
"../../../Engine/Content/EngineMaterials/Widget3DPassThrough_Opaque.uasset" 197
"../../../Engine/Content/EngineMaterials/Widget3DPassThrough_Masked_OneSided.uasset" 198
"../../../Engine/Content/EngineMaterials/Widget3DPassThrough_Opaque_OneSided.uasset" 199
"../../../Engine/Content/EngineMaterials/Widget3DPassThrough_Translucent.uasset" 200
"../../../Engine/Content/EngineMaterials/Widget3DPassThrough_Translucent_OneSided.uasset" 201
"../../../Engine/Content/EngineMeshes/Cylinder.uasset" 202
"../../../Engine/Content/EngineMeshes/Sphere.uasset" 203
"../../../Engine/Content/EngineResources/Black.uasset" 204
"../../../Engine/Content/EngineResources/DefaultTexture.uasset" 205
"../../../Engine/Content/EngineResources/DefaultTextureCube.uasset" 206
"../../../Engine/Content/EngineResources/DefaultVolumeTexture2D.uasset" 207
"../../../Engine/Content/EngineResources/DefaultVolumeTexture.uasset" 208
"../../../Engine/Content/EngineResources/GradientTexture0.uasset" 209
"../../../Engine/Content/EngineSounds/Master.uasset" 210
"../../../Engine/Content/Functions/Engine_MaterialFunctions01/Shading/ConvertFromDiffSpec.uasset" 211
"../../../Engine/Content/Functions/Engine_MaterialFunctions01/Shading/PowerToRoughness.uasset" 212
"../../../Engine/Content/Maps/Templates/Thumbnails/Default.uasset" 213
"../../../Engine/Content/Maps/Templates/Thumbnails/VR-Basic.uasset" 214
"../../../Engine/Content/MobileResources/T_MobileControls_texture.uasset" 215
"../../../Engine/Content/MobileResources/T_MobileMenu2.uasset" 216
"../../../Engine/Content/MobileResources/HUD/AnalogHat.uasset" 217
"../../../Engine/Content/MobileResources/HUD/VirtualJoystick_Background.uasset" 218
"../../../Engine/Content/MobileResources/HUD/VirtualJoystick_Thumb.uasset" 219
"../../../Engine/Content/MobileResources/HUD/DefaultVirtualJoysticks.uasset" 220
"../../../Engine/Content/MobileResources/HUD/LeftVirtualJoystickOnly.uasset" 221
"../../../Engine/Content/MobileResources/HUD/MobileHUDButton1_off.uasset" 222
"../../../Engine/Content/MobileResources/HUD/MobileHUDButton1_on.uasset" 223
"../../../Engine/Content/MobileResources/HUD/MobileHUDButton2_off.uasset" 224
"../../../Engine/Content/MobileResources/HUD/MobileHUDButton2_on.uasset" 225
"../../../Engine/Content/MobileResources/HUD/MobileHUDButton3.uasset" 226
"../../../Engine/Content/MobileResources/HUD/MobileHUDButtonFire.uasset" 227
"../../../Engine/Content/MobileResources/HUD/MobileHUDDirectionPad.uasset" 228
"../../../Engine/Content/MobileResources/HUD/MobileHUDDirectionPad2.uasset" 229
"../../../Engine/Content/MobileResources/HUD/MobileHUDDirectionPad3.uasset" 230
"../../../Engine/Content/MobileResources/HUD/MobileHUDDirectionStick.uasset" 231
"../../../Engine/Content/MobileResources/HUD/T_Castle_ThumbstickInner.uasset" 232
"../../../Engine/Content/MobileResources/HUD/T_Castle_ThumbstickOutter.uasset" 233
"../../../Engine/Content/Tutorial/ContentIntroCurve.uasset" 234
"../../../Engine/Content/Tutorial/Basics/LevelEditorAttract.uasset" 235
"../../../Engine/Content/VREditor/LaserPointer/VR_LaserPower_01.uasset" 236
"../../../Engine/Content/VREditor/TransformGizmo/TransformGizmoMaterial.uasset" 237
"../../../Engine/Content/VREditor/TransformGizmo/TranslucentTransformGizmoMaterial.uasset" 238
"../../../Engine/Content/VREditor/TransformGizmo/BoundingBoxCorner.uasset" 239
"../../../Engine/Content/VREditor/TransformGizmo/BoundingBoxEdge.uasset" 240
"../../../Engine/Content/VREditor/TransformGizmo/PlaneTranslationHandle.uasset" 241
"../../../Engine/Content/VREditor/TransformGizmo/Main.uasset" 242
"../../../Engine/Content/VREditor/TransformGizmo/Xray.uasset" 243
"../../../Engine/Content/VREditor/TransformGizmo/SM_Sequencer_Key.uasset" 244
"../../../Engine/Content/VREditor/TransformGizmo/SM_Sequencer_Node.uasset" 245
"../../Plugins/2D/Paper2D/Content/PlaceholderTextures/DummySpriteTexture.uasset" 246
"../../Plugins/2D/Paper2D/Content/DummySprite.uasset" 247
"../../Plugins/2D/Paper2D/Content/DefaultPaperTerrainMaterial.uasset" 248
"../../Plugins/2D/Paper2D/Content/DummySpriteTexture.uasset" 249
"../../Plugins/2D/Paper2D/Content/DefaultSpriteMaterial.uasset" 250
"../../Plugins/2D/Paper2D/Content/MaskedUnlitSpriteMaterial.uasset" 251
"../../Plugins/2D/Paper2D/Content/OpaqueUnlitSpriteMaterial.uasset" 252
"../../../Engine/Content/Functions/Engine_MaterialFunctions02/Utility/BreakOutFloat4Components.uasset" 253
"../../../Engine/Content/Functions/Engine_MaterialFunctions02/Utility/MakeFloat2.uasset" 254
"../../../Engine/Content/Functions/Engine_MaterialFunctions02/Utility/MakeFloat3.uasset" 255
"../../Plugins/Runtime/Oculus/OculusVR/Content/Materials/OculusMR_ChromaKey.uasset" 256
"../../Plugins/Runtime/Oculus/OculusVR/Content/Materials/OculusMR_ChromaKey_Lit.uasset" 257
"../../Plugins/Runtime/Oculus/OculusVR/Content/Materials/OculusMR_OpaqueColoredMaterial.uasset" 258
"../../Plugins/Runtime/Oculus/OculusVR/Content/Materials/OculusMR_WhiteMaterial.uasset" 259
"../../../../../Repos/Unreal/BattleTanks/Content/StarterContent/Blueprints/Assets/FogBrightnessLUT.uasset" 260
"../../../../../Repos/Unreal/BattleTanks/Content/StarterContent/Blueprints/Assets/SunlightColorLUT.uasset" 261
"../../../../../Repos/Unreal/BattleTanks/Content/StarterContent/Blueprints/Assets/M_LightStage_Arrows.uasset" 262
"../../../Engine/Content/MapTemplates/Sky/DaylightAmbientCubemap.uasset" 263
"../../../../../Repos/Unreal/BattleTanks/Content/StarterContent/Blueprints/Assets/M_LightStage_Skybox_Master.uasset" 264
"../../../../../Repos/Unreal/BattleTanks/Content/StarterContent/Blueprints/Assets/M_LightStage_Skybox_Black.uasset" 265
"../../../../../Repos/Unreal/BattleTanks/Content/StarterContent/Blueprints/Assets/M_LightStage_Skybox_HDRI.uasset" 266
"../../../Engine/Content/EditorMaterials/Thumbnails/SkySphereMaterial.uasset" 267
"../../../../../Repos/Unreal/BattleTanks/Content/StarterContent/Blueprints/Assets/Skybox.uasset" 268
"../../../../../Repos/Unreal/BattleTanks/Content/StarterContent/Blueprints/Assets/SM_Arrows.uasset" 269
"../../../../../Repos/Unreal/BattleTanks/Content/StarterContent/HDRI/HDRI_Epic_Courtyard_Daylight.uasset" 270
"../../../../../Repos/Unreal/BattleTanks/Content/StarterContent/Blueprints/BP_LightStudio.uasset" 271
"../../../../../Repos/Unreal/BattleTanks/Content/StarterContent/Maps/Advanced_Lighting_BuiltData.uasset" 272
"../../../../../Repos/Unreal/BattleTanks/Content/StarterContent/Materials/M_AssetPlatform.uasset" 273
"../../../Engine/Content/EditorMeshes/ColorCalibrator/M_ChromeBall.uasset" 274
"../../../Engine/Content/EditorMeshes/ColorCalibrator/M_ClearCoat.uasset" 275
"../../../Engine/Content/EditorMeshes/ColorCalibrator/M_ClearCoatBlack.uasset" 276
"../../../Engine/Content/EditorMeshes/ColorCalibrator/Color_checker.uasset" 277
"../../../Engine/Content/EditorMeshes/ColorCalibrator/M_ColorGrid.uasset" 278
"../../../Engine/Content/EditorMeshes/ColorCalibrator/M_GreyBall.uasset" 279
"../../../Engine/Content/EditorMeshes/ColorCalibrator/SM_ColorCalibrator.uasset" 280
"../../../../../Repos/Unreal/BattleTanks/Content/StarterContent/Architecture/SM_AssetPlatform.uasset" 281
"../../../../../Repos/Unreal/BattleTanks/Content/StarterContent/Maps/Advanced_Lighting.umap" 282
"../../../Engine/Content/EditorBlueprintResources/StandardMacros.uasset" 283
"../../../Engine/Content/EngineSky/C_Sky_Cloud_Color.uasset" 284
"../../../Engine/Content/EngineSky/C_Sky_Horizon_Color.uasset" 285
"../../../Engine/Content/EngineSky/C_Sky_Zenith_Color.uasset" 286
"../../../Engine/Content/EngineSky/T_Sky_Blue.uasset" 287
"../../../Engine/Content/EngineSky/T_Sky_Clouds_M.uasset" 288
"../../../Engine/Content/EngineSky/T_Sky_Stars.uasset" 289
"../../../Engine/Content/EngineSky/M_Sky_Panning_Clouds2.uasset" 290
"../../../Engine/Content/EngineSky/SM_SkySphere.uasset" 291
"../../../Engine/Content/EngineSky/BP_Sky_Sphere.uasset" 292
"../../../../../Repos/Unreal/BattleTanks/Content/StarterContent/Maps/Minimal_Default_BuiltData.uasset" 293
"../../../../../Repos/Unreal/BattleTanks/Content/StarterContent/Textures/T_MacroVariation.uasset" 294
"../../../../../Repos/Unreal/BattleTanks/Content/StarterContent/Materials/M_Metal_Brushed_Nickel.uasset" 295
"../../../../../Repos/Unreal/BattleTanks/Content/StarterContent/Textures/T_Metal_Aluminum_D.uasset" 296
"../../../../../Repos/Unreal/BattleTanks/Content/StarterContent/Textures/T_Metal_Gold_N.uasset" 297
"../../../../../Repos/Unreal/BattleTanks/Content/StarterContent/Materials/M_Metal_Burnished_Steel.uasset" 298
"../../../../../Repos/Unreal/BattleTanks/Content/StarterContent/Textures/T_Metal_Copper_D.uasset" 299
"../../../../../Repos/Unreal/BattleTanks/Content/StarterContent/Materials/M_Metal_Copper.uasset" 300
"../../../../../Repos/Unreal/BattleTanks/Content/StarterContent/Textures/T_Statue_M.uasset" 301
"../../../../../Repos/Unreal/BattleTanks/Content/StarterContent/Textures/T_Statue_N.uasset" 302
"../../../../../Repos/Unreal/BattleTanks/Content/StarterContent/Props/Materials/M_StatueGlass.uasset" 303
"../../../../../Repos/Unreal/BattleTanks/Content/StarterContent/Architecture/Floor_400x400.uasset" 304
"../../../../../Repos/Unreal/BattleTanks/Content/StarterContent/Audio/Starter_Background_Cue.uasset" 305
"../../../../../Repos/Unreal/BattleTanks/Content/StarterContent/Props/SM_Chair.uasset" 306
"../../../../../Repos/Unreal/BattleTanks/Content/StarterContent/Props/Materials/M_Statue.uasset" 307
"../../../../../Repos/Unreal/BattleTanks/Content/StarterContent/Props/SM_Statue.uasset" 308
"../../../../../Repos/Unreal/BattleTanks/Content/StarterContent/Textures/T_TableRound_M.uasset" 309
"../../../../../Repos/Unreal/BattleTanks/Content/StarterContent/Textures/T_TableRound_N.uasset" 310
"../../../../../Repos/Unreal/BattleTanks/Content/StarterContent/Props/Materials/M_TableRound.uasset" 311
"../../../../../Repos/Unreal/BattleTanks/Content/StarterContent/Props/SM_TableRound.uasset" 312
"../../../../../Repos/Unreal/BattleTanks/Content/StarterContent/Maps/Minimal_Default.umap" 313
"../../../../../Repos/Unreal/BattleTanks/Content/StarterContent/Audio/Fire01_Cue.uasset" 314
"../../../../../Repos/Unreal/BattleTanks/Content/StarterContent/Textures/T_Fire_SubUV.uasset" 315
"../../../../../Repos/Unreal/BattleTanks/Content/StarterContent/Textures/T_Fire_Tiled_D.uasset" 316
"../../../../../Repos/Unreal/BattleTanks/Content/StarterContent/Particles/Materials/M_Fire_SubUV.uasset" 317
"../../../../../Repos/Unreal/BattleTanks/Content/StarterContent/Textures/T_Water_N.uasset" 318
"../../../../../Repos/Unreal/BattleTanks/Content/StarterContent/Particles/Materials/M_Heat_Distortion.uasset" 319
"../../../../../Repos/Unreal/BattleTanks/Content/StarterContent/Particles/Materials/M_Radial_Gradient.uasset" 320
"../../../../../Repos/Unreal/BattleTanks/Content/StarterContent/Particles/P_Fire.uasset" 321
"../../../../../Repos/Unreal/BattleTanks/Content/StarterContent/Blueprints/Blueprint_Effect_Fire.uasset" 322
"../../../../../Repos/Unreal/BattleTanks/Content/StarterContent/Audio/Smoke01_Cue.uasset" 323
"../../../../../Repos/Unreal/BattleTanks/Content/StarterContent/Particles/P_Smoke.uasset" 324
"../../../../../Repos/Unreal/BattleTanks/Content/StarterContent/Blueprints/Blueprint_Effect_Smoke.uasset" 325
"../../../../../Repos/Unreal/BattleTanks/Content/StarterContent/Audio/Fire_Sparks01_Cue.uasset" 326
"../../../../../Repos/Unreal/BattleTanks/Content/StarterContent/Textures/T_Spark_Core.uasset" 327
"../../../../../Repos/Unreal/BattleTanks/Content/StarterContent/Particles/Materials/M_Spark.uasset" 328
"../../../../../Repos/Unreal/BattleTanks/Content/StarterContent/Particles/P_Sparks.uasset" 329
"../../../../../Repos/Unreal/BattleTanks/Content/StarterContent/Blueprints/Blueprint_Effect_Sparks.uasset" 330
"../../../../../Repos/Unreal/BattleTanks/Content/StarterContent/Audio/Steam01_Cue.uasset" 331
"../../../../../Repos/Unreal/BattleTanks/Content/StarterContent/Particles/P_Steam_Lit.uasset" 332
"../../../../../Repos/Unreal/BattleTanks/Content/StarterContent/Blueprints/Blueprint_Effect_Steam.uasset" 333
"../../../../../Repos/Unreal/BattleTanks/Content/StarterContent/Textures/T_Lamp_M.uasset" 334
"../../../../../Repos/Unreal/BattleTanks/Content/StarterContent/Textures/T_Lamp_N.uasset" 335
"../../../../../Repos/Unreal/BattleTanks/Content/StarterContent/Props/Materials/M_Lamp.uasset" 336
"../../../../../Repos/Unreal/BattleTanks/Content/StarterContent/Props/SM_Lamp_Ceiling.uasset" 337
"../../../../../Repos/Unreal/BattleTanks/Content/StarterContent/Blueprints/Blueprint_CeilingLight.uasset" 338
"../../../../../Repos/Unreal/BattleTanks/Content/StarterContent/Props/SM_Lamp_Wall.uasset" 339
"../../../../../Repos/Unreal/BattleTanks/Content/StarterContent/Blueprints/Blueprint_WallSconce.uasset" 340
"../../../../../Repos/Unreal/BattleTanks/Content/StarterContent/Maps/StarterMap_BuiltData.uasset" 341
"../../../Engine/Content/Functions/Engine_MaterialFunctions03/Procedurals/ComputeFilterWidth.uasset" 342
"../../../Engine/Content/EngineMaterials/AntiAliasedTextMaterialTranslucent.uasset" 343
"../../../../../Repos/Unreal/BattleTanks/Content/StarterContent/Textures/T_Brick_Clay_Beveled_D.uasset" 344
"../../../../../Repos/Unreal/BattleTanks/Content/StarterContent/Textures/T_Brick_Clay_Beveled_M.uasset" 345
"../../../../../Repos/Unreal/BattleTanks/Content/StarterContent/Textures/T_Brick_Clay_Beveled_N.uasset" 346
"../../../../../Repos/Unreal/BattleTanks/Content/StarterContent/Materials/M_Brick_Clay_Beveled.uasset" 347
"../../../../../Repos/Unreal/BattleTanks/Content/StarterContent/Textures/T_Brick_Clay_New_D.uasset" 348
"../../../../../Repos/Unreal/BattleTanks/Content/StarterContent/Textures/T_Brick_Clay_New_M.uasset" 349
"../../../../../Repos/Unreal/BattleTanks/Content/StarterContent/Textures/T_Brick_Clay_New_N.uasset" 350
"../../../../../Repos/Unreal/BattleTanks/Content/StarterContent/Materials/M_Brick_Clay_New.uasset" 351
"../../../../../Repos/Unreal/BattleTanks/Content/StarterContent/Textures/T_Brick_Clay_Old_D.uasset" 352
"../../../../../Repos/Unreal/BattleTanks/Content/StarterContent/Textures/T_Brick_Clay_Old_N.uasset" 353
"../../../../../Repos/Unreal/BattleTanks/Content/StarterContent/Textures/T_Perlin_Noise_M.uasset" 354
"../../../../../Repos/Unreal/BattleTanks/Content/StarterContent/Materials/M_Brick_Clay_Old.uasset" 355
"../../../../../Repos/Unreal/BattleTanks/Content/StarterContent/Textures/T_Brick_Cut_Stone_D.uasset" 356
"../../../../../Repos/Unreal/BattleTanks/Content/StarterContent/Textures/T_Brick_Cut_Stone_N.uasset" 357
"../../../../../Repos/Unreal/BattleTanks/Content/StarterContent/Materials/M_Brick_Cut_Stone.uasset" 358
"../../../../../Repos/Unreal/BattleTanks/Content/StarterContent/Textures/T_Brick_Hewn_Stone_D.uasset" 359
"../../../../../Repos/Unreal/BattleTanks/Content/StarterContent/Textures/T_Brick_Hewn_Stone_M.uasset" 360
"../../../../../Repos/Unreal/BattleTanks/Content/StarterContent/Textures/T_Brick_Hewn_Stone_N.uasset" 361
"../../../../../Repos/Unreal/BattleTanks/Content/StarterContent/Materials/M_Brick_Hewn_Stone.uasset" 362
"../../../../../Repos/Unreal/BattleTanks/Content/StarterContent/Textures/T_Ceramic_Tile_M.uasset" 363
"../../../../../Repos/Unreal/BattleTanks/Content/StarterContent/Textures/T_Ceramic_Tile_N.uasset" 364
"../../../../../Repos/Unreal/BattleTanks/Content/StarterContent/Textures/T_Rock_Marble_Polished_D.uasset" 365
"../../../../../Repos/Unreal/BattleTanks/Content/StarterContent/Materials/M_Ceramic_Tile_Checker.uasset" 366
"../../../../../Repos/Unreal/BattleTanks/Content/StarterContent/Textures/T_CobbleStone_Pebble_D.uasset" 367
"../../../../../Repos/Unreal/BattleTanks/Content/StarterContent/Textures/T_CobbleStone_Pebble_M.uasset" 368
"../../../../../Repos/Unreal/BattleTanks/Content/StarterContent/Textures/T_CobbleStone_Pebble_N.uasset" 369
"../../../../../Repos/Unreal/BattleTanks/Content/StarterContent/Materials/M_CobbleStone_Pebble.uasset" 370
"../../../../../Repos/Unreal/BattleTanks/Content/StarterContent/Textures/T_CobbleStone_Rough_D.uasset" 371
"../../../../../Repos/Unreal/BattleTanks/Content/StarterContent/Textures/T_CobbleStone_Rough_N.uasset" 372
"../../../../../Repos/Unreal/BattleTanks/Content/StarterContent/Textures/T_Gradinet_01.uasset" 373
"../../../../../Repos/Unreal/BattleTanks/Content/StarterContent/Textures/T_Rock_Smooth_Granite_D.uasset" 374
"../../../../../Repos/Unreal/BattleTanks/Content/StarterContent/Materials/M_CobbleStone_Rough.uasset" 375
"../../../../../Repos/Unreal/BattleTanks/Content/StarterContent/Textures/T_CobbleStone_Smooth_D.uasset" 376
"../../../../../Repos/Unreal/BattleTanks/Content/StarterContent/Textures/T_CobbleStone_Smooth_M.uasset" 377
"../../../../../Repos/Unreal/BattleTanks/Content/StarterContent/Textures/T_CobbleStone_Smooth_N.uasset" 378
"../../../../../Repos/Unreal/BattleTanks/Content/StarterContent/Materials/M_CobbleStone_Smooth.uasset" 379
"../../../../../Repos/Unreal/BattleTanks/Content/StarterContent/Textures/T_Concrete_Grime_D.uasset" 380
"../../../../../Repos/Unreal/BattleTanks/Content/StarterContent/Textures/T_Metal_Rust_N.uasset" 381
"../../../../../Repos/Unreal/BattleTanks/Content/StarterContent/Materials/M_Concrete_Grime.uasset" 382
"../../../../../Repos/Unreal/BattleTanks/Content/StarterContent/Textures/T_Concrete_Panels_D.uasset" 383
"../../../../../Repos/Unreal/BattleTanks/Content/StarterContent/Textures/T_Concrete_Panels_N.uasset" 384
"../../../../../Repos/Unreal/BattleTanks/Content/StarterContent/Materials/M_Concrete_Panels.uasset" 385
"../../../../../Repos/Unreal/BattleTanks/Content/StarterContent/Textures/T_Concrete_Poured_D.uasset" 386
"../../../../../Repos/Unreal/BattleTanks/Content/StarterContent/Textures/T_Concrete_Poured_N.uasset" 387
"../../../../../Repos/Unreal/BattleTanks/Content/StarterContent/Materials/M_Concrete_Poured.uasset" 388
"../../../../../Repos/Unreal/BattleTanks/Content/StarterContent/Textures/T_Concrete_Tiles_D.uasset" 389
"../../../../../Repos/Unreal/BattleTanks/Content/StarterContent/Textures/T_Concrete_Tiles_M.uasset" 390
"../../../../../Repos/Unreal/BattleTanks/Content/StarterContent/Textures/T_Concrete_Tiles_N.uasset" 391
"../../../../../Repos/Unreal/BattleTanks/Content/StarterContent/Textures/T_Concrete_Tiles_Variation_M.uasset" 392
"../../../../../Repos/Unreal/BattleTanks/Content/StarterContent/Materials/M_Concrete_Tiles.uasset" 393
"../../../../../Repos/Unreal/BattleTanks/Content/StarterContent/Textures/T_Ground_Grass_N.uasset" 394
"../../../../../Repos/Unreal/BattleTanks/Content/StarterContent/Materials/M_Ground_Grass.uasset" 395
"../../../../../Repos/Unreal/BattleTanks/Content/StarterContent/Textures/T_Ground_Gravel_N.uasset" 396
"../../../../../Repos/Unreal/BattleTanks/Content/StarterContent/Materials/M_Ground_Gravel.uasset" 397
"../../../../../Repos/Unreal/BattleTanks/Content/StarterContent/Textures/T_ground_Moss_D.uasset" 398
"../../../../../Repos/Unreal/BattleTanks/Content/StarterContent/Textures/T_Ground_Moss_N.uasset" 399
"../../../../../Repos/Unreal/BattleTanks/Content/StarterContent/Materials/M_Ground_Moss.uasset" 400
"../../../../../Repos/Unreal/BattleTanks/Content/StarterContent/Materials/M_Metal_Chrome.uasset" 401
"../../../../../Repos/Unreal/BattleTanks/Content/StarterContent/Textures/T_Metal_Gold_D.uasset" 402
"../../../../../Repos/Unreal/BattleTanks/Content/StarterContent/Materials/M_Metal_Gold.uasset" 403
"../../../../../Repos/Unreal/BattleTanks/Content/StarterContent/Textures/T_Metal_Rust_D.uasset" 404
"../../../../../Repos/Unreal/BattleTanks/Content/StarterContent/Materials/M_Metal_Rust.uasset" 405
"../../../../../Repos/Unreal/BattleTanks/Content/StarterContent/Textures/T_Metal_Steel_D.uasset" 406
"../../../../../Repos/Unreal/BattleTanks/Content/StarterContent/Textures/T_Metal_Steel_N.uasset" 407
"../../../../../Repos/Unreal/BattleTanks/Content/StarterContent/Materials/M_Metal_Steel.uasset" 408
"../../../../../Repos/Unreal/BattleTanks/Content/StarterContent/Textures/T_Rock_Basalt_N.uasset" 409
"../../../../../Repos/Unreal/BattleTanks/Content/StarterContent/Materials/M_Rock_Basalt.uasset" 410
"../../../../../Repos/Unreal/BattleTanks/Content/StarterContent/Materials/M_Rock_Marble_Polished.uasset" 411
"../../../../../Repos/Unreal/BattleTanks/Content/StarterContent/Textures/T_Rock_Sandstone_D.uasset" 412
"../../../../../Repos/Unreal/BattleTanks/Content/StarterContent/Textures/T_Rock_Sandstone_N.uasset" 413
"../../../../../Repos/Unreal/BattleTanks/Content/StarterContent/Materials/M_Rock_Sandstone.uasset" 414
"../../../../../Repos/Unreal/BattleTanks/Content/StarterContent/Textures/T_Rock_Slate_D.uasset" 415
"../../../../../Repos/Unreal/BattleTanks/Content/StarterContent/Textures/T_Rock_Slate_N.uasset" 416
"../../../../../Repos/Unreal/BattleTanks/Content/StarterContent/Materials/M_Rock_Slate.uasset" 417
"../../../../../Repos/Unreal/BattleTanks/Content/StarterContent/Textures/T_Checker_Noise_M.uasset" 418
"../../../../../Repos/Unreal/BattleTanks/Content/StarterContent/Textures/T_Single_Tile_N.uasset" 419
"../../../../../Repos/Unreal/BattleTanks/Content/StarterContent/Textures/T_Tech_Dot_M.uasset" 420
"../../../../../Repos/Unreal/BattleTanks/Content/StarterContent/Textures/T_Tech_Dot_N.uasset" 421
"../../../../../Repos/Unreal/BattleTanks/Content/StarterContent/Materials/M_Tech_Checker_Dot.uasset" 422
"../../../../../Repos/Unreal/BattleTanks/Content/StarterContent/Textures/T_Tech_Hex_Tile_M.uasset" 423
"../../../../../Repos/Unreal/BattleTanks/Content/StarterContent/Textures/T_Tech_Hex_Tile_N.uasset" 424
"../../../../../Repos/Unreal/BattleTanks/Content/StarterContent/Materials/M_Tech_Hex_Tile.uasset" 425
"../../../../../Repos/Unreal/BattleTanks/Content/StarterContent/Materials/M_Tech_Hex_Tile_Pulse.uasset" 426
"../../../../../Repos/Unreal/BattleTanks/Content/StarterContent/Textures/T_Tech_Panel_M.uasset" 427
"../../../../../Repos/Unreal/BattleTanks/Content/StarterContent/Textures/T_Tech_Panel_N.uasset" 428
"../../../../../Repos/Unreal/BattleTanks/Content/StarterContent/Materials/M_Tech_Panel.uasset" 429
"../../../../../Repos/Unreal/BattleTanks/Content/StarterContent/Materials/M_Water_Lake.uasset" 430
"../../../../../Repos/Unreal/BattleTanks/Content/StarterContent/Textures/T_Water_M.uasset" 431
"../../../../../Repos/Unreal/BattleTanks/Content/StarterContent/Materials/M_Water_Ocean.uasset" 432
"../../../../../Repos/Unreal/BattleTanks/Content/StarterContent/Textures/T_Wood_Floor_Walnut_D.uasset" 433
"../../../../../Repos/Unreal/BattleTanks/Content/StarterContent/Textures/T_Wood_Floor_Walnut_M.uasset" 434
"../../../../../Repos/Unreal/BattleTanks/Content/StarterContent/Textures/T_Wood_Floor_Walnut_N.uasset" 435
"../../../../../Repos/Unreal/BattleTanks/Content/StarterContent/Materials/M_Wood_Floor_Walnut_Polished.uasset" 436
"../../../Engine/Content/Functions/Engine_MaterialFunctions01/Opacity/AlphaOffset.uasset" 437
"../../../../../Repos/Unreal/BattleTanks/Content/StarterContent/Materials/M_Wood_Floor_Walnut_Worn.uasset" 438
"../../../../../Repos/Unreal/BattleTanks/Content/StarterContent/Textures/T_Wood_Oak_D.uasset" 439
"../../../../../Repos/Unreal/BattleTanks/Content/StarterContent/Textures/T_Wood_Oak_N.uasset" 440
"../../../../../Repos/Unreal/BattleTanks/Content/StarterContent/Materials/M_Wood_Oak.uasset" 441
"../../../../../Repos/Unreal/BattleTanks/Content/StarterContent/Textures/T_Wood_Pine_D.uasset" 442
"../../../../../Repos/Unreal/BattleTanks/Content/StarterContent/Textures/T_Wood_Pine_N.uasset" 443
"../../../../../Repos/Unreal/BattleTanks/Content/StarterContent/Materials/M_Wood_Pine.uasset" 444
"../../../../../Repos/Unreal/BattleTanks/Content/StarterContent/Textures/T_Wood_Walnut_D.uasset" 445
"../../../../../Repos/Unreal/BattleTanks/Content/StarterContent/Textures/T_Wood_Walnut_N.uasset" 446
"../../../../../Repos/Unreal/BattleTanks/Content/StarterContent/Materials/M_Wood_Walnut.uasset" 447
"../../../../../Repos/Unreal/BattleTanks/Content/StarterContent/Architecture/Wall_400x200.uasset" 448
"../../../../../Repos/Unreal/BattleTanks/Content/StarterContent/Architecture/Wall_Door_400x300.uasset" 449
"../../../../../Repos/Unreal/BattleTanks/Content/StarterContent/Architecture/Wall_Window_400x300.uasset" 450
"../../../../../Repos/Unreal/BattleTanks/Content/StarterContent/Audio/Collapse_Cue.uasset" 451
"../../../../../Repos/Unreal/BattleTanks/Content/StarterContent/Audio/Starter_Music_Cue.uasset" 452
"../../../../../Repos/Unreal/BattleTanks/Content/StarterContent/Textures/T_Dust_Particle_D.uasset" 453
"../../../../../Repos/Unreal/BattleTanks/Content/StarterContent/Particles/Materials/M_Dust_Particle.uasset" 454
"../../../../../Repos/Unreal/BattleTanks/Content/StarterContent/Particles/P_Ambient_Dust.uasset" 455
"../../../../../Repos/Unreal/BattleTanks/Content/StarterContent/Props/MaterialSphere.uasset" 456
"../../../../../Repos/Unreal/BattleTanks/Content/StarterContent/Textures/T_Frame_M.uasset" 457
"../../../../../Repos/Unreal/BattleTanks/Content/StarterContent/Textures/T_Frame_N.uasset" 458
"../../../../../Repos/Unreal/BattleTanks/Content/StarterContent/Props/Materials/M_Frame.uasset" 459
"../../../../../Repos/Unreal/BattleTanks/Content/StarterContent/Props/SM_CornerFrame.uasset" 460
"../../../../../Repos/Unreal/BattleTanks/Content/StarterContent/Props/SM_DoorFrame.uasset" 461
"../../../../../Repos/Unreal/BattleTanks/Content/StarterContent/Props/SM_GlassWindow.uasset" 462
"../../../../../Repos/Unreal/BattleTanks/Content/StarterContent/Props/SM_PillarFrame.uasset" 463
"../../../../../Repos/Unreal/BattleTanks/Content/StarterContent/Props/SM_PillarFrame300.uasset" 464
"../../../../../Repos/Unreal/BattleTanks/Content/StarterContent/Props/SM_WindowFrame.uasset" 465
"../../../../../Repos/Unreal/BattleTanks/Content/StarterContent/Shapes/Shape_Cube.uasset" 466
"../../../../../Repos/Unreal/BattleTanks/Content/StarterContent/Shapes/Shape_QuadPyramid.uasset" 467
"../../../../../Repos/Unreal/BattleTanks/Content/StarterContent/Shapes/Shape_Sphere.uasset" 468
"../../../../../Repos/Unreal/BattleTanks/Content/StarterContent/Maps/StarterMap.umap" 469
"../../../../../Repos/Unreal/BattleTanks/Content/Tank/tank_fbx_Barrel.uasset" 470
"../../../../../Repos/Unreal/BattleTanks/Content/Tank/tank_fbx_Body.uasset" 471
"../../../../../Repos/Unreal/BattleTanks/Content/Tank/tank_fbx_Track.uasset" 472
"../../../../../Repos/Unreal/BattleTanks/Content/Tank/tank_fbx_Turret.uasset" 473
"../../../../../Repos/Unreal/BattleTanks/Content/Tank/Tank_BP.uasset" 474
"../../../../../Repos/Unreal/BattleTanks/Content/UI/PlayerUI_BP.uasset" 475
"../../../../../Repos/Unreal/BattleTanks/Content/Tank/TankPlayerController_BP.uasset" 476
"../../../../../Repos/Unreal/BattleTanks/Content/Blueprints/BattleTankGameMode_BP.uasset" 477
"../../../../../Repos/Unreal/BattleTanks/Content/BattleGround_sharedassets/Dirt_LayerInfo.uasset" 478
"../../../../../Repos/Unreal/BattleTanks/Content/BattleGround_sharedassets/Grass_LayerInfo.uasset" 479
"../../../Engine/Content/EngineMaterials/DefaultPhysicalMaterial.uasset" 480
"../../../../../Repos/Unreal/BattleTanks/Content/_Levels/BattleGround.umap" 481
"../../../../../Repos/Unreal/BattleTanks/Content/_Levels/MainMenu.umap" 482
"../../../Engine/Content/Maps/Entry_BuiltData.uasset" 483
"../../../Engine/Content/Maps/Entry.umap" 484
